<?xml version="1.0" encoding="UTF-8" ?>
<testsuite tests="27" failures="0" name="edu.stanford.nlp.loglinear.model.ConcatVectorTest" time="38.075" errors="0" skipped="0">
  <properties>
    <property name="java.runtime.name" value="Java(TM) SE Runtime Environment"/>
    <property name="sun.boot.library.path" value="C:\Program Files\Java\jdk1.8.0_102\jre\bin"/>
    <property name="java.vm.version" value="25.102-b14"/>
    <property name="java.vm.vendor" value="Oracle Corporation"/>
    <property name="maven.multiModuleProjectDirectory" value="C:\Users\natew\Desktop\LegendaryAI\outwardCode\LegendaryAI\CoreNLP"/>
    <property name="java.vendor.url" value="http://java.oracle.com/"/>
    <property name="path.separator" value=";"/>
    <property name="guice.disable.misplaced.annotation.check" value="true"/>
    <property name="java.vm.name" value="Java HotSpot(TM) 64-Bit Server VM"/>
    <property name="file.encoding.pkg" value="sun.io"/>
    <property name="user.script" value=""/>
    <property name="user.country" value="US"/>
    <property name="sun.java.launcher" value="SUN_STANDARD"/>
    <property name="sun.os.patch.level" value=""/>
    <property name="java.vm.specification.name" value="Java Virtual Machine Specification"/>
    <property name="user.dir" value="C:\Users\natew\Desktop\LegendaryAI\outwardCode\LegendaryAI\CoreNLP"/>
    <property name="java.runtime.version" value="1.8.0_102-b14"/>
    <property name="java.awt.graphicsenv" value="sun.awt.Win32GraphicsEnvironment"/>
    <property name="java.endorsed.dirs" value="C:\Program Files\Java\jdk1.8.0_102\jre\lib\endorsed"/>
    <property name="os.arch" value="amd64"/>
    <property name="java.io.tmpdir" value="C:\Users\natew\AppData\Local\Temp\"/>
    <property name="line.separator" value="
"/>
    <property name="java.vm.specification.vendor" value="Oracle Corporation"/>
    <property name="user.variant" value=""/>
    <property name="os.name" value="Windows 10"/>
    <property name="classworlds.conf" value="C:\Users\natew\Desktop\LegendaryAI\outwardCode\apache-maven-3.3.9-bin\apache-maven-3.3.9\bin\..\bin\m2.conf"/>
    <property name="sun.jnu.encoding" value="Cp1252"/>
    <property name="java.library.path" value="C:\Program Files\Java\jdk1.8.0_102\bin;C:\WINDOWS\Sun\Java\bin;C:\WINDOWS\system32;C:\WINDOWS;C:\ProgramData\Oracle\Java\javapath;C:\Program Files (x86)\Intel\iCLS Client\;C:\Program Files\Intel\iCLS Client\;C:\WINDOWS\system32;C:\WINDOWS;C:\WINDOWS\System32\Wbem;C:\WINDOWS\System32\WindowsPowerShell\v1.0\;C:\Program Files (x86)\Intel\Intel(R) Management Engine Components\DAL;C:\Program Files\Intel\Intel(R) Management Engine Components\DAL;C:\Program Files (x86)\Intel\Intel(R) Management Engine Components\IPT;C:\Program Files\Intel\Intel(R) Management Engine Components\IPT;C:\Program Files\Intel\WiFi\bin\;C:\Program Files\Common Files\Intel\WirelessCommon\;C:\Program Files (x86)\Skype\Phone\;C:\Program Files (x86)\MySQL\MySQL Fabric 1.5 &amp; MySQL Utilities 1.5\;C:\Program Files (x86)\MySQL\MySQL Fabric 1.5 &amp; MySQL Utilities 1.5\Doctrine extensions for PHP\;C:\gtkw;C:\gtkw\bin;C:\Program Files (x86)\PuTTY\;C:\Program Files\nodejs\;C:\Users\natew\AppData\Roaming\cabal\bin;C:\Users\natew\AppData\Local\atom\bin;C:\Users\natew\AppData\Local\Microsoft\WindowsApps;C:\Program Files\Java\jdk1.8.0_102\bin;C:\Users\natew\Desktop\LegendaryAI\outwardCode\apache-maven-3.3.9-bin\apache-maven-3.3.9\bin;C:\Users\natew\AppData\Roaming\npm;."/>
    <property name="java.specification.name" value="Java Platform API Specification"/>
    <property name="java.class.version" value="52.0"/>
    <property name="sun.management.compiler" value="HotSpot 64-Bit Tiered Compilers"/>
    <property name="os.version" value="10.0"/>
    <property name="user.home" value="C:\Users\natew"/>
    <property name="user.timezone" value="America/New_York"/>
    <property name="java.awt.printerjob" value="sun.awt.windows.WPrinterJob"/>
    <property name="java.specification.version" value="1.8"/>
    <property name="file.encoding" value="Cp1252"/>
    <property name="user.name" value="natew"/>
    <property name="java.class.path" value="C:\Users\natew\Desktop\LegendaryAI\outwardCode\apache-maven-3.3.9-bin\apache-maven-3.3.9\bin\..\boot\plexus-classworlds-2.5.2.jar"/>
    <property name="org.slf4j.simpleLogger.defaultLogLevel" value="debug"/>
    <property name="java.vm.specification.version" value="1.8"/>
    <property name="sun.arch.data.model" value="64"/>
    <property name="java.home" value="C:\Program Files\Java\jdk1.8.0_102\jre"/>
    <property name="sun.java.command" value="org.codehaus.plexus.classworlds.launcher.Launcher package -e -X"/>
    <property name="java.specification.vendor" value="Oracle Corporation"/>
    <property name="user.language" value="en"/>
    <property name="awt.toolkit" value="sun.awt.windows.WToolkit"/>
    <property name="java.vm.info" value="mixed mode"/>
    <property name="java.version" value="1.8.0_102"/>
    <property name="java.ext.dirs" value="C:\Program Files\Java\jdk1.8.0_102\jre\lib\ext;C:\WINDOWS\Sun\Java\lib\ext"/>
    <property name="sun.boot.class.path" value="C:\Program Files\Java\jdk1.8.0_102\jre\lib\resources.jar;C:\Program Files\Java\jdk1.8.0_102\jre\lib\rt.jar;C:\Program Files\Java\jdk1.8.0_102\jre\lib\sunrsasign.jar;C:\Program Files\Java\jdk1.8.0_102\jre\lib\jsse.jar;C:\Program Files\Java\jdk1.8.0_102\jre\lib\jce.jar;C:\Program Files\Java\jdk1.8.0_102\jre\lib\charsets.jar;C:\Program Files\Java\jdk1.8.0_102\jre\lib\jfr.jar;C:\Program Files\Java\jdk1.8.0_102\jre\classes"/>
    <property name="sun.stderr.encoding" value="cp437"/>
    <property name="java.vendor" value="Oracle Corporation"/>
    <property name="maven.home" value="C:\Users\natew\Desktop\LegendaryAI\outwardCode\apache-maven-3.3.9-bin\apache-maven-3.3.9\bin\.."/>
    <property name="file.separator" value="\"/>
    <property name="java.vendor.url.bug" value="http://bugreport.sun.com/bugreport/"/>
    <property name="sun.cpu.endian" value="little"/>
    <property name="sun.io.unicode.encoding" value="UnicodeLittle"/>
    <property name="sun.stdout.encoding" value="cp437"/>
    <property name="sun.desktop" value="windows"/>
    <property name="sun.cpu.isalist" value="amd64"/>
  </properties>
  <testcase classname="edu.stanford.nlp.loglinear.model.ConcatVectorTest" name="testElementwiseDenseToDense" time="0.569"/>
  <testcase classname="edu.stanford.nlp.loglinear.model.ConcatVectorTest" name="testResizeOnSetComponent" time="0.004"/>
  <testcase classname="edu.stanford.nlp.loglinear.model.ConcatVectorTest" name="testAppendSparseComponent" time="1.733"/>
  <testcase classname="edu.stanford.nlp.loglinear.model.ConcatVectorTest" name="testElementwiseDenseToSparse" time="1.057"/>
  <testcase classname="edu.stanford.nlp.loglinear.model.ConcatVectorTest" name="testProtoVector" time="0.645"/>
  <testcase classname="edu.stanford.nlp.loglinear.model.ConcatVectorTest" name="testMap" time="0.019"/>
  <testcase classname="edu.stanford.nlp.loglinear.model.ConcatVectorTest" name="testDeepClone" time="0.461"/>
  <testcase classname="edu.stanford.nlp.loglinear.model.ConcatVectorTest" name="testSizes" time="0.008"/>
  <testcase classname="edu.stanford.nlp.loglinear.model.ConcatVectorTest" name="testInnerProduct2" time="0.578"/>
  <testcase classname="edu.stanford.nlp.loglinear.model.ConcatVectorTest" name="testAddDenseToSparse" time="3.194"/>
  <testcase classname="edu.stanford.nlp.loglinear.model.ConcatVectorTest" name="testRetrieveDense" time="0.01"/>
  <testcase classname="edu.stanford.nlp.loglinear.model.ConcatVectorTest" name="testElementwiseProduct" time="0.386"/>
  <testcase classname="edu.stanford.nlp.loglinear.model.ConcatVectorTest" name="testAddDenseToDense" time="0.712"/>
  <testcase classname="edu.stanford.nlp.loglinear.model.ConcatVectorTest" name="testAddSparseToSparse" time="7.353"/>
  <testcase classname="edu.stanford.nlp.loglinear.model.ConcatVectorTest" name="testDeepCloneGetValueAt" time="0.04"/>
  <testcase classname="edu.stanford.nlp.loglinear.model.ConcatVectorTest" name="testElementwiseSparseToDense" time="2.414"/>
  <testcase classname="edu.stanford.nlp.loglinear.model.ConcatVectorTest" name="testAppendDenseComponent" time="0.016"/>
  <testcase classname="edu.stanford.nlp.loglinear.model.ConcatVectorTest" name="testIsSparse" time="0.005"/>
  <testcase classname="edu.stanford.nlp.loglinear.model.ConcatVectorTest" name="testGetValueAt" time="0.007"/>
  <testcase classname="edu.stanford.nlp.loglinear.model.ConcatVectorTest" name="testAddSparseToDense" time="3.406"/>
  <testcase classname="edu.stanford.nlp.loglinear.model.ConcatVectorTest" name="testAddVector" time="0.642"/>
  <testcase classname="edu.stanford.nlp.loglinear.model.ConcatVectorTest" name="testGetSparseIndex" time="1.996"/>
  <testcase classname="edu.stanford.nlp.loglinear.model.ConcatVectorTest" name="testElementwiseSparseToSparse" time="12.423"/>
  <testcase classname="edu.stanford.nlp.loglinear.model.ConcatVectorTest" name="testNewEmptyClone" time="0.012"/>
  <testcase classname="edu.stanford.nlp.loglinear.model.ConcatVectorTest" name="testCopyOnWrite" time="0.012"/>
  <testcase classname="edu.stanford.nlp.loglinear.model.ConcatVectorTest" name="testInnerProduct" time="0.366"/>
  <testcase classname="edu.stanford.nlp.loglinear.model.ConcatVectorTest" name="testValueEquals" time="0.007"/>
</testsuite>