<?xml version="1.0" encoding="UTF-8" ?>
<testsuite tests="44" failures="0" name="edu.stanford.nlp.trees.tregex.TregexTest" time="0.001" errors="0" skipped="0">
  <properties>
    <property name="java.runtime.name" value="Java(TM) SE Runtime Environment"/>
    <property name="sun.boot.library.path" value="C:\Program Files\Java\jdk1.8.0_102\jre\bin"/>
    <property name="java.vm.version" value="25.102-b14"/>
    <property name="java.vm.vendor" value="Oracle Corporation"/>
    <property name="maven.multiModuleProjectDirectory" value="C:\Users\natew\Desktop\LegendaryAI\outwardCode\LegendaryAI\CoreNLP"/>
    <property name="java.vendor.url" value="http://java.oracle.com/"/>
    <property name="path.separator" value=";"/>
    <property name="guice.disable.misplaced.annotation.check" value="true"/>
    <property name="java.vm.name" value="Java HotSpot(TM) 64-Bit Server VM"/>
    <property name="file.encoding.pkg" value="sun.io"/>
    <property name="user.script" value=""/>
    <property name="user.country" value="US"/>
    <property name="sun.java.launcher" value="SUN_STANDARD"/>
    <property name="sun.os.patch.level" value=""/>
    <property name="java.vm.specification.name" value="Java Virtual Machine Specification"/>
    <property name="user.dir" value="C:\Users\natew\Desktop\LegendaryAI\outwardCode\LegendaryAI\CoreNLP"/>
    <property name="java.runtime.version" value="1.8.0_102-b14"/>
    <property name="java.awt.graphicsenv" value="sun.awt.Win32GraphicsEnvironment"/>
    <property name="java.endorsed.dirs" value="C:\Program Files\Java\jdk1.8.0_102\jre\lib\endorsed"/>
    <property name="os.arch" value="amd64"/>
    <property name="java.io.tmpdir" value="C:\Users\natew\AppData\Local\Temp\"/>
    <property name="line.separator" value="
"/>
    <property name="java.vm.specification.vendor" value="Oracle Corporation"/>
    <property name="user.variant" value=""/>
    <property name="os.name" value="Windows 10"/>
    <property name="classworlds.conf" value="C:\Users\natew\Desktop\LegendaryAI\outwardCode\apache-maven-3.3.9-bin\apache-maven-3.3.9\bin\..\bin\m2.conf"/>
    <property name="sun.jnu.encoding" value="Cp1252"/>
    <property name="java.library.path" value="C:\Program Files\Java\jdk1.8.0_102\bin;C:\WINDOWS\Sun\Java\bin;C:\WINDOWS\system32;C:\WINDOWS;C:\ProgramData\Oracle\Java\javapath;C:\Program Files (x86)\Intel\iCLS Client\;C:\Program Files\Intel\iCLS Client\;C:\WINDOWS\system32;C:\WINDOWS;C:\WINDOWS\System32\Wbem;C:\WINDOWS\System32\WindowsPowerShell\v1.0\;C:\Program Files (x86)\Intel\Intel(R) Management Engine Components\DAL;C:\Program Files\Intel\Intel(R) Management Engine Components\DAL;C:\Program Files (x86)\Intel\Intel(R) Management Engine Components\IPT;C:\Program Files\Intel\Intel(R) Management Engine Components\IPT;C:\Program Files\Intel\WiFi\bin\;C:\Program Files\Common Files\Intel\WirelessCommon\;C:\Program Files (x86)\Skype\Phone\;C:\Program Files (x86)\MySQL\MySQL Fabric 1.5 &amp; MySQL Utilities 1.5\;C:\Program Files (x86)\MySQL\MySQL Fabric 1.5 &amp; MySQL Utilities 1.5\Doctrine extensions for PHP\;C:\gtkw;C:\gtkw\bin;C:\Program Files (x86)\PuTTY\;C:\Program Files\nodejs\;C:\Users\natew\AppData\Roaming\cabal\bin;C:\Users\natew\AppData\Local\atom\bin;C:\Users\natew\AppData\Local\Microsoft\WindowsApps;C:\Program Files\Java\jdk1.8.0_102\bin;C:\Users\natew\Desktop\LegendaryAI\outwardCode\apache-maven-3.3.9-bin\apache-maven-3.3.9\bin;C:\Users\natew\AppData\Roaming\npm;."/>
    <property name="java.specification.name" value="Java Platform API Specification"/>
    <property name="java.class.version" value="52.0"/>
    <property name="sun.management.compiler" value="HotSpot 64-Bit Tiered Compilers"/>
    <property name="os.version" value="10.0"/>
    <property name="user.home" value="C:\Users\natew"/>
    <property name="user.timezone" value="America/New_York"/>
    <property name="java.awt.printerjob" value="sun.awt.windows.WPrinterJob"/>
    <property name="java.specification.version" value="1.8"/>
    <property name="file.encoding" value="Cp1252"/>
    <property name="user.name" value="natew"/>
    <property name="java.class.path" value="C:\Users\natew\Desktop\LegendaryAI\outwardCode\apache-maven-3.3.9-bin\apache-maven-3.3.9\bin\..\boot\plexus-classworlds-2.5.2.jar"/>
    <property name="org.slf4j.simpleLogger.defaultLogLevel" value="debug"/>
    <property name="java.vm.specification.version" value="1.8"/>
    <property name="sun.arch.data.model" value="64"/>
    <property name="java.home" value="C:\Program Files\Java\jdk1.8.0_102\jre"/>
    <property name="sun.java.command" value="org.codehaus.plexus.classworlds.launcher.Launcher package -e -X"/>
    <property name="java.specification.vendor" value="Oracle Corporation"/>
    <property name="user.language" value="en"/>
    <property name="awt.toolkit" value="sun.awt.windows.WToolkit"/>
    <property name="java.vm.info" value="mixed mode"/>
    <property name="java.version" value="1.8.0_102"/>
    <property name="java.ext.dirs" value="C:\Program Files\Java\jdk1.8.0_102\jre\lib\ext;C:\WINDOWS\Sun\Java\lib\ext"/>
    <property name="sun.boot.class.path" value="C:\Program Files\Java\jdk1.8.0_102\jre\lib\resources.jar;C:\Program Files\Java\jdk1.8.0_102\jre\lib\rt.jar;C:\Program Files\Java\jdk1.8.0_102\jre\lib\sunrsasign.jar;C:\Program Files\Java\jdk1.8.0_102\jre\lib\jsse.jar;C:\Program Files\Java\jdk1.8.0_102\jre\lib\jce.jar;C:\Program Files\Java\jdk1.8.0_102\jre\lib\charsets.jar;C:\Program Files\Java\jdk1.8.0_102\jre\lib\jfr.jar;C:\Program Files\Java\jdk1.8.0_102\jre\classes"/>
    <property name="sun.stderr.encoding" value="cp437"/>
    <property name="java.vendor" value="Oracle Corporation"/>
    <property name="maven.home" value="C:\Users\natew\Desktop\LegendaryAI\outwardCode\apache-maven-3.3.9-bin\apache-maven-3.3.9\bin\.."/>
    <property name="file.separator" value="\"/>
    <property name="java.vendor.url.bug" value="http://bugreport.sun.com/bugreport/"/>
    <property name="sun.cpu.endian" value="little"/>
    <property name="sun.io.unicode.encoding" value="UnicodeLittle"/>
    <property name="sun.stdout.encoding" value="cp437"/>
    <property name="sun.desktop" value="windows"/>
    <property name="sun.cpu.isalist" value="amd64"/>
  </properties>
  <testcase classname="edu.stanford.nlp.trees.tregex.TregexTest" name="testOneResult" time="0"/>
  <testcase classname="edu.stanford.nlp.trees.tregex.TregexTest" name="testNoResults" time="0"/>
  <testcase classname="edu.stanford.nlp.trees.tregex.TregexTest" name="testTwoChildren" time="0"/>
  <testcase classname="edu.stanford.nlp.trees.tregex.TregexTest" name="testImmediateSister" time="0"/>
  <testcase classname="edu.stanford.nlp.trees.tregex.TregexTest" name="testNamed" time="0"/>
  <testcase classname="edu.stanford.nlp.trees.tregex.TregexTest" name="testReuse" time="0"/>
  <testcase classname="edu.stanford.nlp.trees.tregex.TregexTest" name="testDominateDescribedChain" time="0"/>
  <testcase classname="edu.stanford.nlp.trees.tregex.TregexTest" name="testLink" time="0"/>
  <testcase classname="edu.stanford.nlp.trees.tregex.TregexTest" name="testTest" time="0"/>
  <testcase classname="edu.stanford.nlp.trees.tregex.TregexTest" name="testDocExamples" time="0"/>
  <testcase classname="edu.stanford.nlp.trees.tregex.TregexTest" name="testPrecedingFollowingSister" time="0"/>
  <testcase classname="edu.stanford.nlp.trees.tregex.TregexTest" name="testPrecedesDescribedChain" time="0"/>
  <testcase classname="edu.stanford.nlp.trees.tregex.TregexTest" name="testDisjunctionVariableAssignments" time="0"/>
  <testcase classname="edu.stanford.nlp.trees.tregex.TregexTest" name="testParenthesizedExpressions" time="0"/>
  <testcase classname="edu.stanford.nlp.trees.tregex.TregexTest" name="testComplex2" time="0"/>
  <testcase classname="edu.stanford.nlp.trees.tregex.TregexTest" name="testOnlyMatchRoot" time="0"/>
  <testcase classname="edu.stanford.nlp.trees.tregex.TregexTest" name="testSubtreePattern" time="0"/>
  <testcase classname="edu.stanford.nlp.trees.tregex.TregexTest" name="testChinese" time="0"/>
  <testcase classname="edu.stanford.nlp.trees.tregex.TregexTest" name="testRootDisjunction" time="0"/>
  <testcase classname="edu.stanford.nlp.trees.tregex.TregexTest" name="testComplex" time="0"/>
  <testcase classname="edu.stanford.nlp.trees.tregex.TregexTest" name="testTwoResults" time="0"/>
  <testcase classname="edu.stanford.nlp.trees.tregex.TregexTest" name="testLeftRightMostDescendant" time="0"/>
  <testcase classname="edu.stanford.nlp.trees.tregex.TregexTest" name="testOptional" time="0"/>
  <testcase classname="edu.stanford.nlp.trees.tregex.TregexTest" name="testMonthDayYear" time="0"/>
  <testcase classname="edu.stanford.nlp.trees.tregex.TregexTest" name="testMoeCurlyLarry" time="0"/>
  <testcase classname="edu.stanford.nlp.trees.tregex.TregexTest" name="testWordDisjunction" time="0"/>
  <testcase classname="edu.stanford.nlp.trees.tregex.TregexTest" name="testSegmentedAndEqualsExpressions" time="0"/>
  <testcase classname="edu.stanford.nlp.trees.tregex.TregexTest" name="testVariableGroups" time="0"/>
  <testcase classname="edu.stanford.nlp.trees.tregex.TregexTest" name="testOnlyChild" time="0"/>
  <testcase classname="edu.stanford.nlp.trees.tregex.TregexTest" name="testJoÃ£oSilva" time="0"/>
  <testcase classname="edu.stanford.nlp.trees.tregex.TregexTest" name="testHeadOfPhrase" time="0"/>
  <testcase classname="edu.stanford.nlp.trees.tregex.TregexTest" name="testRepeatedVariables" time="0"/>
  <testcase classname="edu.stanford.nlp.trees.tregex.TregexTest" name="testImmediatePrecedesFollows" time="0"/>
  <testcase classname="edu.stanford.nlp.trees.tregex.TregexTest" name="testImmediatelyDominates" time="0"/>
  <testcase classname="edu.stanford.nlp.trees.tregex.TregexTest" name="testDominates" time="0"/>
  <testcase classname="edu.stanford.nlp.trees.tregex.TregexTest" name="testParentEquals" time="0"/>
  <testcase classname="edu.stanford.nlp.trees.tregex.TregexTest" name="testCategoryDisjunction" time="0.001"/>
  <testcase classname="edu.stanford.nlp.trees.tregex.TregexTest" name="testSister" time="0"/>
  <testcase classname="edu.stanford.nlp.trees.tregex.TregexTest" name="testIthChild" time="0"/>
  <testcase classname="edu.stanford.nlp.trees.tregex.TregexTest" name="testFirstLastChild" time="0"/>
  <testcase classname="edu.stanford.nlp.trees.tregex.TregexTest" name="testCategoryFunctions" time="0"/>
  <testcase classname="edu.stanford.nlp.trees.tregex.TregexTest" name="testDominateUnaryChain" time="0"/>
  <testcase classname="edu.stanford.nlp.trees.tregex.TregexTest" name="testPrecedesFollows" time="0"/>
  <testcase classname="edu.stanford.nlp.trees.tregex.TregexTest" name="testNonsense" time="0"/>
</testsuite>