<?xml version="1.0" encoding="UTF-8" ?>
<testsuite tests="66" failures="0" name="edu.stanford.nlp.naturalli.RelationTripleSegmenterTest" time="0.486" errors="0" skipped="0">
  <properties>
    <property name="java.runtime.name" value="Java(TM) SE Runtime Environment"/>
    <property name="sun.boot.library.path" value="C:\Program Files\Java\jdk1.8.0_102\jre\bin"/>
    <property name="java.vm.version" value="25.102-b14"/>
    <property name="java.vm.vendor" value="Oracle Corporation"/>
    <property name="maven.multiModuleProjectDirectory" value="C:\Users\natew\Desktop\LegendaryAI\outwardCode\LegendaryAI\CoreNLP"/>
    <property name="java.vendor.url" value="http://java.oracle.com/"/>
    <property name="path.separator" value=";"/>
    <property name="guice.disable.misplaced.annotation.check" value="true"/>
    <property name="java.vm.name" value="Java HotSpot(TM) 64-Bit Server VM"/>
    <property name="file.encoding.pkg" value="sun.io"/>
    <property name="user.script" value=""/>
    <property name="user.country" value="US"/>
    <property name="sun.java.launcher" value="SUN_STANDARD"/>
    <property name="sun.os.patch.level" value=""/>
    <property name="java.vm.specification.name" value="Java Virtual Machine Specification"/>
    <property name="user.dir" value="C:\Users\natew\Desktop\LegendaryAI\outwardCode\LegendaryAI\CoreNLP"/>
    <property name="java.runtime.version" value="1.8.0_102-b14"/>
    <property name="java.awt.graphicsenv" value="sun.awt.Win32GraphicsEnvironment"/>
    <property name="java.endorsed.dirs" value="C:\Program Files\Java\jdk1.8.0_102\jre\lib\endorsed"/>
    <property name="os.arch" value="amd64"/>
    <property name="java.io.tmpdir" value="C:\Users\natew\AppData\Local\Temp\"/>
    <property name="line.separator" value="
"/>
    <property name="java.vm.specification.vendor" value="Oracle Corporation"/>
    <property name="user.variant" value=""/>
    <property name="os.name" value="Windows 10"/>
    <property name="classworlds.conf" value="C:\Users\natew\Desktop\LegendaryAI\outwardCode\apache-maven-3.3.9-bin\apache-maven-3.3.9\bin\..\bin\m2.conf"/>
    <property name="sun.jnu.encoding" value="Cp1252"/>
    <property name="java.library.path" value="C:\Program Files\Java\jdk1.8.0_102\bin;C:\WINDOWS\Sun\Java\bin;C:\WINDOWS\system32;C:\WINDOWS;C:\ProgramData\Oracle\Java\javapath;C:\Program Files (x86)\Intel\iCLS Client\;C:\Program Files\Intel\iCLS Client\;C:\WINDOWS\system32;C:\WINDOWS;C:\WINDOWS\System32\Wbem;C:\WINDOWS\System32\WindowsPowerShell\v1.0\;C:\Program Files (x86)\Intel\Intel(R) Management Engine Components\DAL;C:\Program Files\Intel\Intel(R) Management Engine Components\DAL;C:\Program Files (x86)\Intel\Intel(R) Management Engine Components\IPT;C:\Program Files\Intel\Intel(R) Management Engine Components\IPT;C:\Program Files\Intel\WiFi\bin\;C:\Program Files\Common Files\Intel\WirelessCommon\;C:\Program Files (x86)\Skype\Phone\;C:\Program Files (x86)\MySQL\MySQL Fabric 1.5 &amp; MySQL Utilities 1.5\;C:\Program Files (x86)\MySQL\MySQL Fabric 1.5 &amp; MySQL Utilities 1.5\Doctrine extensions for PHP\;C:\gtkw;C:\gtkw\bin;C:\Program Files (x86)\PuTTY\;C:\Program Files\nodejs\;C:\Users\natew\AppData\Roaming\cabal\bin;C:\Users\natew\AppData\Local\atom\bin;C:\Users\natew\AppData\Local\Microsoft\WindowsApps;C:\Program Files\Java\jdk1.8.0_102\bin;C:\Users\natew\Desktop\LegendaryAI\outwardCode\apache-maven-3.3.9-bin\apache-maven-3.3.9\bin;C:\Users\natew\AppData\Roaming\npm;."/>
    <property name="java.specification.name" value="Java Platform API Specification"/>
    <property name="java.class.version" value="52.0"/>
    <property name="sun.management.compiler" value="HotSpot 64-Bit Tiered Compilers"/>
    <property name="os.version" value="10.0"/>
    <property name="user.home" value="C:\Users\natew"/>
    <property name="user.timezone" value="America/New_York"/>
    <property name="java.awt.printerjob" value="sun.awt.windows.WPrinterJob"/>
    <property name="java.specification.version" value="1.8"/>
    <property name="file.encoding" value="Cp1252"/>
    <property name="user.name" value="natew"/>
    <property name="java.class.path" value="C:\Users\natew\Desktop\LegendaryAI\outwardCode\apache-maven-3.3.9-bin\apache-maven-3.3.9\bin\..\boot\plexus-classworlds-2.5.2.jar"/>
    <property name="org.slf4j.simpleLogger.defaultLogLevel" value="debug"/>
    <property name="java.vm.specification.version" value="1.8"/>
    <property name="sun.arch.data.model" value="64"/>
    <property name="java.home" value="C:\Program Files\Java\jdk1.8.0_102\jre"/>
    <property name="sun.java.command" value="org.codehaus.plexus.classworlds.launcher.Launcher package -e -X"/>
    <property name="java.specification.vendor" value="Oracle Corporation"/>
    <property name="user.language" value="en"/>
    <property name="awt.toolkit" value="sun.awt.windows.WToolkit"/>
    <property name="java.vm.info" value="mixed mode"/>
    <property name="java.version" value="1.8.0_102"/>
    <property name="java.ext.dirs" value="C:\Program Files\Java\jdk1.8.0_102\jre\lib\ext;C:\WINDOWS\Sun\Java\lib\ext"/>
    <property name="sun.boot.class.path" value="C:\Program Files\Java\jdk1.8.0_102\jre\lib\resources.jar;C:\Program Files\Java\jdk1.8.0_102\jre\lib\rt.jar;C:\Program Files\Java\jdk1.8.0_102\jre\lib\sunrsasign.jar;C:\Program Files\Java\jdk1.8.0_102\jre\lib\jsse.jar;C:\Program Files\Java\jdk1.8.0_102\jre\lib\jce.jar;C:\Program Files\Java\jdk1.8.0_102\jre\lib\charsets.jar;C:\Program Files\Java\jdk1.8.0_102\jre\lib\jfr.jar;C:\Program Files\Java\jdk1.8.0_102\jre\classes"/>
    <property name="sun.stderr.encoding" value="cp437"/>
    <property name="java.vendor" value="Oracle Corporation"/>
    <property name="maven.home" value="C:\Users\natew\Desktop\LegendaryAI\outwardCode\apache-maven-3.3.9-bin\apache-maven-3.3.9\bin\.."/>
    <property name="file.separator" value="\"/>
    <property name="java.vendor.url.bug" value="http://bugreport.sun.com/bugreport/"/>
    <property name="sun.cpu.endian" value="little"/>
    <property name="sun.io.unicode.encoding" value="UnicodeLittle"/>
    <property name="sun.stdout.encoding" value="cp437"/>
    <property name="sun.desktop" value="windows"/>
    <property name="sun.cpu.isalist" value="amd64"/>
  </properties>
  <testcase classname="edu.stanford.nlp.naturalli.RelationTripleSegmenterTest" name="testSameSemanticsForDifferentWordOrder" time="0"/>
  <testcase classname="edu.stanford.nlp.naturalli.RelationTripleSegmenterTest" name="testObamaBornInRegression" time="0.037"/>
  <testcase classname="edu.stanford.nlp.naturalli.RelationTripleSegmenterTest" name="testToSentenceOutOfOrder" time="0.017"/>
  <testcase classname="edu.stanford.nlp.naturalli.RelationTripleSegmenterTest" name="testOfWhich" time="0.004"/>
  <testcase classname="edu.stanford.nlp.naturalli.RelationTripleSegmenterTest" name="testToSentenceNoIndices" time="0.015"/>
  <testcase classname="edu.stanford.nlp.naturalli.RelationTripleSegmenterTest" name="testPassiveReflexive" time="0.011"/>
  <testcase classname="edu.stanford.nlp.naturalli.RelationTripleSegmenterTest" name="testPossessiveNoNER" time="0.014"/>
  <testcase classname="edu.stanford.nlp.naturalli.RelationTripleSegmenterTest" name="testPossessiveWithObject" time="0.007"/>
  <testcase classname="edu.stanford.nlp.naturalli.RelationTripleSegmenterTest" name="testGeorgeBoydRegression" time="0.009"/>
  <testcase classname="edu.stanford.nlp.naturalli.RelationTripleSegmenterTest" name="testHeWasInaugurated" time="0.004"/>
  <testcase classname="edu.stanford.nlp.naturalli.RelationTripleSegmenterTest" name="testAdvObjectPassive" time="0.002"/>
  <testcase classname="edu.stanford.nlp.naturalli.RelationTripleSegmenterTest" name="testAclNoPP" time="0.004"/>
  <testcase classname="edu.stanford.nlp.naturalli.RelationTripleSegmenterTest" name="testMyCatsPlayWithYarn" time="0.017"/>
  <testcase classname="edu.stanford.nlp.naturalli.RelationTripleSegmenterTest" name="testChrisManningOfStanfordLong" time="0"/>
  <testcase classname="edu.stanford.nlp.naturalli.RelationTripleSegmenterTest" name="testUSsAllyBritain" time="0.018"/>
  <testcase classname="edu.stanford.nlp.naturalli.RelationTripleSegmenterTest" name="testAcl" time="0"/>
  <testcase classname="edu.stanford.nlp.naturalli.RelationTripleSegmenterTest" name="testVBG" time="0.002"/>
  <testcase classname="edu.stanford.nlp.naturalli.RelationTripleSegmenterTest" name="testFishLikeToSwim" time="0.002"/>
  <testcase classname="edu.stanford.nlp.naturalli.RelationTripleSegmenterTest" name="testPPAttachmentTwo" time="0.006"/>
  <testcase classname="edu.stanford.nlp.naturalli.RelationTripleSegmenterTest" name="testObjInRelation" time="0.009"/>
  <testcase classname="edu.stanford.nlp.naturalli.RelationTripleSegmenterTest" name="testXComp" time="0.007"/>
  <testcase classname="edu.stanford.nlp.naturalli.RelationTripleSegmenterTest" name="testApposInObject" time="0"/>
  <testcase classname="edu.stanford.nlp.naturalli.RelationTripleSegmenterTest" name="testDogsInheaven" time="0.009"/>
  <testcase classname="edu.stanford.nlp.naturalli.RelationTripleSegmenterTest" name="testPPExtraction" time="0.012"/>
  <testcase classname="edu.stanford.nlp.naturalli.RelationTripleSegmenterTest" name="testObamaPresidentOfRegressionFull" time="0.004"/>
  <testcase classname="edu.stanford.nlp.naturalli.RelationTripleSegmenterTest" name="testObamaPresidentOfRegression" time="0.005"/>
  <testcase classname="edu.stanford.nlp.naturalli.RelationTripleSegmenterTest" name="testWh" time="0.006"/>
  <testcase classname="edu.stanford.nlp.naturalli.RelationTripleSegmenterTest" name="testVPOnlyReplacedWith" time="0.003"/>
  <testcase classname="edu.stanford.nlp.naturalli.RelationTripleSegmenterTest" name="testThereAreWith" time="0.004"/>
  <testcase classname="edu.stanford.nlp.naturalli.RelationTripleSegmenterTest" name="testVBGCollapsed" time="0.003"/>
  <testcase classname="edu.stanford.nlp.naturalli.RelationTripleSegmenterTest" name="testUSPresidentObama1" time="0.007"/>
  <testcase classname="edu.stanford.nlp.naturalli.RelationTripleSegmenterTest" name="testUSPresidentObama2" time="0.005"/>
  <testcase classname="edu.stanford.nlp.naturalli.RelationTripleSegmenterTest" name="testAdvObject" time="0.002"/>
  <testcase classname="edu.stanford.nlp.naturalli.RelationTripleSegmenterTest" name="testThrowAway" time="0.002"/>
  <testcase classname="edu.stanford.nlp.naturalli.RelationTripleSegmenterTest" name="testUSAllyBritain" time="0.008"/>
  <testcase classname="edu.stanford.nlp.naturalli.RelationTripleSegmenterTest" name="testToSentenceInOrder" time="0.009"/>
  <testcase classname="edu.stanford.nlp.naturalli.RelationTripleSegmenterTest" name="testCatsHaveTails" time="0.002"/>
  <testcase classname="edu.stanford.nlp.naturalli.RelationTripleSegmenterTest" name="testGlosses" time="0"/>
  <testcase classname="edu.stanford.nlp.naturalli.RelationTripleSegmenterTest" name="testChrisIsOfStanford" time="0.01"/>
  <testcase classname="edu.stanford.nlp.naturalli.RelationTripleSegmenterTest" name="testBlueCatsPlayWithYarn" time="0.002"/>
  <testcase classname="edu.stanford.nlp.naturalli.RelationTripleSegmenterTest" name="testReflexive" time="0.003"/>
  <testcase classname="edu.stanford.nlp.naturalli.RelationTripleSegmenterTest" name="testPossessiveInEntity" time="0.003"/>
  <testcase classname="edu.stanford.nlp.naturalli.RelationTripleSegmenterTest" name="testThereAreIn" time="0.009"/>
  <testcase classname="edu.stanford.nlp.naturalli.RelationTripleSegmenterTest" name="testStateOfTheUnion" time="0.012"/>
  <testcase classname="edu.stanford.nlp.naturalli.RelationTripleSegmenterTest" name="testMassOfIron" time="0.002"/>
  <testcase classname="edu.stanford.nlp.naturalli.RelationTripleSegmenterTest" name="testPassiveNSubj" time="0.016"/>
  <testcase classname="edu.stanford.nlp.naturalli.RelationTripleSegmenterTest" name="testCatsAreCute" time="0.005"/>
  <testcase classname="edu.stanford.nlp.naturalli.RelationTripleSegmenterTest" name="testNmodTmod" time="0.002"/>
  <testcase classname="edu.stanford.nlp.naturalli.RelationTripleSegmenterTest" name="testCompoundPossessive" time="0.02"/>
  <testcase classname="edu.stanford.nlp.naturalli.RelationTripleSegmenterTest" name="testPossessive" time="0.023"/>
  <testcase classname="edu.stanford.nlp.naturalli.RelationTripleSegmenterTest" name="testPPAttachment" time="0.004"/>
  <testcase classname="edu.stanford.nlp.naturalli.RelationTripleSegmenterTest" name="testAmericanActorChrisPratt" time="0.021"/>
  <testcase classname="edu.stanford.nlp.naturalli.RelationTripleSegmenterTest" name="testChrisManningOfStanford" time="0.004"/>
  <testcase classname="edu.stanford.nlp.naturalli.RelationTripleSegmenterTest" name="testrabbitsEatVegetables" time="0.004"/>
  <testcase classname="edu.stanford.nlp.naturalli.RelationTripleSegmenterTest" name="testAllNominals" time="0.025"/>
  <testcase classname="edu.stanford.nlp.naturalli.RelationTripleSegmenterTest" name="testFishLikeToSwimAlternateParse" time="0.002"/>
  <testcase classname="edu.stanford.nlp.naturalli.RelationTripleSegmenterTest" name="testBlueCatsPlayQuietlyWithYarn" time="0.004"/>
  <testcase classname="edu.stanford.nlp.naturalli.RelationTripleSegmenterTest" name="testApposAsSubj" time="0.004"/>
  <testcase classname="edu.stanford.nlp.naturalli.RelationTripleSegmenterTest" name="testPresidentObama" time="0.002"/>
  <testcase classname="edu.stanford.nlp.naturalli.RelationTripleSegmenterTest" name="testThereAreVBing" time="0.002"/>
  <testcase classname="edu.stanford.nlp.naturalli.RelationTripleSegmenterTest" name="testUSPresidentObama" time="0.017"/>
  <testcase classname="edu.stanford.nlp.naturalli.RelationTripleSegmenterTest" name="testIAmInFlorida" time="0.005"/>
  <testcase classname="edu.stanford.nlp.naturalli.RelationTripleSegmenterTest" name="testAclWithPP" time="0.002"/>
  <testcase classname="edu.stanford.nlp.naturalli.RelationTripleSegmenterTest" name="testCommaDoesntOvergenerate" time="0.013"/>
  <testcase classname="edu.stanford.nlp.naturalli.RelationTripleSegmenterTest" name="testPropagateCSubj" time="0.003"/>
  <testcase classname="edu.stanford.nlp.naturalli.RelationTripleSegmenterTest" name="testAclWithAdverb" time="0.001"/>
</testsuite>