<?xml version="1.0" encoding="UTF-8" ?>
<testsuite tests="261" failures="0" name="edu.stanford.nlp.trees.UniversalEnglishGrammaticalStructureTest" time="0.001" errors="0" skipped="0">
  <properties>
    <property name="java.runtime.name" value="Java(TM) SE Runtime Environment"/>
    <property name="sun.boot.library.path" value="C:\Program Files\Java\jdk1.8.0_102\jre\bin"/>
    <property name="java.vm.version" value="25.102-b14"/>
    <property name="java.vm.vendor" value="Oracle Corporation"/>
    <property name="maven.multiModuleProjectDirectory" value="C:\Users\natew\Desktop\LegendaryAI\outwardCode\LegendaryAI\CoreNLP"/>
    <property name="java.vendor.url" value="http://java.oracle.com/"/>
    <property name="path.separator" value=";"/>
    <property name="guice.disable.misplaced.annotation.check" value="true"/>
    <property name="java.vm.name" value="Java HotSpot(TM) 64-Bit Server VM"/>
    <property name="file.encoding.pkg" value="sun.io"/>
    <property name="user.script" value=""/>
    <property name="user.country" value="US"/>
    <property name="sun.java.launcher" value="SUN_STANDARD"/>
    <property name="sun.os.patch.level" value=""/>
    <property name="java.vm.specification.name" value="Java Virtual Machine Specification"/>
    <property name="user.dir" value="C:\Users\natew\Desktop\LegendaryAI\outwardCode\LegendaryAI\CoreNLP"/>
    <property name="java.runtime.version" value="1.8.0_102-b14"/>
    <property name="java.awt.graphicsenv" value="sun.awt.Win32GraphicsEnvironment"/>
    <property name="java.endorsed.dirs" value="C:\Program Files\Java\jdk1.8.0_102\jre\lib\endorsed"/>
    <property name="os.arch" value="amd64"/>
    <property name="java.io.tmpdir" value="C:\Users\natew\AppData\Local\Temp\"/>
    <property name="line.separator" value="
"/>
    <property name="java.vm.specification.vendor" value="Oracle Corporation"/>
    <property name="user.variant" value=""/>
    <property name="os.name" value="Windows 10"/>
    <property name="classworlds.conf" value="C:\Users\natew\Desktop\LegendaryAI\outwardCode\apache-maven-3.3.9-bin\apache-maven-3.3.9\bin\..\bin\m2.conf"/>
    <property name="sun.jnu.encoding" value="Cp1252"/>
    <property name="java.library.path" value="C:\Program Files\Java\jdk1.8.0_102\bin;C:\WINDOWS\Sun\Java\bin;C:\WINDOWS\system32;C:\WINDOWS;C:\ProgramData\Oracle\Java\javapath;C:\Program Files (x86)\Intel\iCLS Client\;C:\Program Files\Intel\iCLS Client\;C:\WINDOWS\system32;C:\WINDOWS;C:\WINDOWS\System32\Wbem;C:\WINDOWS\System32\WindowsPowerShell\v1.0\;C:\Program Files (x86)\Intel\Intel(R) Management Engine Components\DAL;C:\Program Files\Intel\Intel(R) Management Engine Components\DAL;C:\Program Files (x86)\Intel\Intel(R) Management Engine Components\IPT;C:\Program Files\Intel\Intel(R) Management Engine Components\IPT;C:\Program Files\Intel\WiFi\bin\;C:\Program Files\Common Files\Intel\WirelessCommon\;C:\Program Files (x86)\Skype\Phone\;C:\Program Files (x86)\MySQL\MySQL Fabric 1.5 &amp; MySQL Utilities 1.5\;C:\Program Files (x86)\MySQL\MySQL Fabric 1.5 &amp; MySQL Utilities 1.5\Doctrine extensions for PHP\;C:\gtkw;C:\gtkw\bin;C:\Program Files (x86)\PuTTY\;C:\Program Files\nodejs\;C:\Users\natew\AppData\Roaming\cabal\bin;C:\Users\natew\AppData\Local\atom\bin;C:\Users\natew\AppData\Local\Microsoft\WindowsApps;C:\Program Files\Java\jdk1.8.0_102\bin;C:\Users\natew\Desktop\LegendaryAI\outwardCode\apache-maven-3.3.9-bin\apache-maven-3.3.9\bin;C:\Users\natew\AppData\Roaming\npm;."/>
    <property name="java.specification.name" value="Java Platform API Specification"/>
    <property name="java.class.version" value="52.0"/>
    <property name="sun.management.compiler" value="HotSpot 64-Bit Tiered Compilers"/>
    <property name="os.version" value="10.0"/>
    <property name="user.home" value="C:\Users\natew"/>
    <property name="user.timezone" value="America/New_York"/>
    <property name="java.awt.printerjob" value="sun.awt.windows.WPrinterJob"/>
    <property name="java.specification.version" value="1.8"/>
    <property name="file.encoding" value="Cp1252"/>
    <property name="user.name" value="natew"/>
    <property name="java.class.path" value="C:\Users\natew\Desktop\LegendaryAI\outwardCode\apache-maven-3.3.9-bin\apache-maven-3.3.9\bin\..\boot\plexus-classworlds-2.5.2.jar"/>
    <property name="org.slf4j.simpleLogger.defaultLogLevel" value="debug"/>
    <property name="java.vm.specification.version" value="1.8"/>
    <property name="sun.arch.data.model" value="64"/>
    <property name="java.home" value="C:\Program Files\Java\jdk1.8.0_102\jre"/>
    <property name="sun.java.command" value="org.codehaus.plexus.classworlds.launcher.Launcher package -e -X"/>
    <property name="java.specification.vendor" value="Oracle Corporation"/>
    <property name="user.language" value="en"/>
    <property name="awt.toolkit" value="sun.awt.windows.WToolkit"/>
    <property name="java.vm.info" value="mixed mode"/>
    <property name="java.version" value="1.8.0_102"/>
    <property name="java.ext.dirs" value="C:\Program Files\Java\jdk1.8.0_102\jre\lib\ext;C:\WINDOWS\Sun\Java\lib\ext"/>
    <property name="sun.boot.class.path" value="C:\Program Files\Java\jdk1.8.0_102\jre\lib\resources.jar;C:\Program Files\Java\jdk1.8.0_102\jre\lib\rt.jar;C:\Program Files\Java\jdk1.8.0_102\jre\lib\sunrsasign.jar;C:\Program Files\Java\jdk1.8.0_102\jre\lib\jsse.jar;C:\Program Files\Java\jdk1.8.0_102\jre\lib\jce.jar;C:\Program Files\Java\jdk1.8.0_102\jre\lib\charsets.jar;C:\Program Files\Java\jdk1.8.0_102\jre\lib\jfr.jar;C:\Program Files\Java\jdk1.8.0_102\jre\classes"/>
    <property name="sun.stderr.encoding" value="cp437"/>
    <property name="java.vendor" value="Oracle Corporation"/>
    <property name="maven.home" value="C:\Users\natew\Desktop\LegendaryAI\outwardCode\apache-maven-3.3.9-bin\apache-maven-3.3.9\bin\.."/>
    <property name="file.separator" value="\"/>
    <property name="java.vendor.url.bug" value="http://bugreport.sun.com/bugreport/"/>
    <property name="sun.cpu.endian" value="little"/>
    <property name="sun.io.unicode.encoding" value="UnicodeLittle"/>
    <property name="sun.stdout.encoding" value="cp437"/>
    <property name="sun.desktop" value="windows"/>
    <property name="sun.cpu.isalist" value="amd64"/>
  </properties>
  <testcase classname="edu.stanford.nlp.trees.UniversalEnglishGrammaticalStructureTest" name="doTest[0]" time="0"/>
  <testcase classname="edu.stanford.nlp.trees.UniversalEnglishGrammaticalStructureTest" name="doTest[1]" time="0"/>
  <testcase classname="edu.stanford.nlp.trees.UniversalEnglishGrammaticalStructureTest" name="doTest[2]" time="0"/>
  <testcase classname="edu.stanford.nlp.trees.UniversalEnglishGrammaticalStructureTest" name="doTest[3]" time="0"/>
  <testcase classname="edu.stanford.nlp.trees.UniversalEnglishGrammaticalStructureTest" name="doTest[4]" time="0"/>
  <testcase classname="edu.stanford.nlp.trees.UniversalEnglishGrammaticalStructureTest" name="doTest[5]" time="0"/>
  <testcase classname="edu.stanford.nlp.trees.UniversalEnglishGrammaticalStructureTest" name="doTest[6]" time="0"/>
  <testcase classname="edu.stanford.nlp.trees.UniversalEnglishGrammaticalStructureTest" name="doTest[7]" time="0"/>
  <testcase classname="edu.stanford.nlp.trees.UniversalEnglishGrammaticalStructureTest" name="doTest[8]" time="0"/>
  <testcase classname="edu.stanford.nlp.trees.UniversalEnglishGrammaticalStructureTest" name="doTest[9]" time="0"/>
  <testcase classname="edu.stanford.nlp.trees.UniversalEnglishGrammaticalStructureTest" name="doTest[10]" time="0"/>
  <testcase classname="edu.stanford.nlp.trees.UniversalEnglishGrammaticalStructureTest" name="doTest[11]" time="0"/>
  <testcase classname="edu.stanford.nlp.trees.UniversalEnglishGrammaticalStructureTest" name="doTest[12]" time="0"/>
  <testcase classname="edu.stanford.nlp.trees.UniversalEnglishGrammaticalStructureTest" name="doTest[13]" time="0"/>
  <testcase classname="edu.stanford.nlp.trees.UniversalEnglishGrammaticalStructureTest" name="doTest[14]" time="0"/>
  <testcase classname="edu.stanford.nlp.trees.UniversalEnglishGrammaticalStructureTest" name="doTest[15]" time="0"/>
  <testcase classname="edu.stanford.nlp.trees.UniversalEnglishGrammaticalStructureTest" name="doTest[16]" time="0"/>
  <testcase classname="edu.stanford.nlp.trees.UniversalEnglishGrammaticalStructureTest" name="doTest[17]" time="0"/>
  <testcase classname="edu.stanford.nlp.trees.UniversalEnglishGrammaticalStructureTest" name="doTest[18]" time="0"/>
  <testcase classname="edu.stanford.nlp.trees.UniversalEnglishGrammaticalStructureTest" name="doTest[19]" time="0"/>
  <testcase classname="edu.stanford.nlp.trees.UniversalEnglishGrammaticalStructureTest" name="doTest[20]" time="0"/>
  <testcase classname="edu.stanford.nlp.trees.UniversalEnglishGrammaticalStructureTest" name="doTest[21]" time="0"/>
  <testcase classname="edu.stanford.nlp.trees.UniversalEnglishGrammaticalStructureTest" name="doTest[22]" time="0"/>
  <testcase classname="edu.stanford.nlp.trees.UniversalEnglishGrammaticalStructureTest" name="doTest[23]" time="0"/>
  <testcase classname="edu.stanford.nlp.trees.UniversalEnglishGrammaticalStructureTest" name="doTest[24]" time="0"/>
  <testcase classname="edu.stanford.nlp.trees.UniversalEnglishGrammaticalStructureTest" name="doTest[25]" time="0"/>
  <testcase classname="edu.stanford.nlp.trees.UniversalEnglishGrammaticalStructureTest" name="doTest[26]" time="0"/>
  <testcase classname="edu.stanford.nlp.trees.UniversalEnglishGrammaticalStructureTest" name="doTest[27]" time="0"/>
  <testcase classname="edu.stanford.nlp.trees.UniversalEnglishGrammaticalStructureTest" name="doTest[28]" time="0"/>
  <testcase classname="edu.stanford.nlp.trees.UniversalEnglishGrammaticalStructureTest" name="doTest[29]" time="0"/>
  <testcase classname="edu.stanford.nlp.trees.UniversalEnglishGrammaticalStructureTest" name="doTest[30]" time="0"/>
  <testcase classname="edu.stanford.nlp.trees.UniversalEnglishGrammaticalStructureTest" name="doTest[31]" time="0"/>
  <testcase classname="edu.stanford.nlp.trees.UniversalEnglishGrammaticalStructureTest" name="doTest[32]" time="0"/>
  <testcase classname="edu.stanford.nlp.trees.UniversalEnglishGrammaticalStructureTest" name="doTest[33]" time="0"/>
  <testcase classname="edu.stanford.nlp.trees.UniversalEnglishGrammaticalStructureTest" name="doTest[34]" time="0"/>
  <testcase classname="edu.stanford.nlp.trees.UniversalEnglishGrammaticalStructureTest" name="doTest[35]" time="0"/>
  <testcase classname="edu.stanford.nlp.trees.UniversalEnglishGrammaticalStructureTest" name="doTest[36]" time="0"/>
  <testcase classname="edu.stanford.nlp.trees.UniversalEnglishGrammaticalStructureTest" name="doTest[37]" time="0"/>
  <testcase classname="edu.stanford.nlp.trees.UniversalEnglishGrammaticalStructureTest" name="doTest[38]" time="0"/>
  <testcase classname="edu.stanford.nlp.trees.UniversalEnglishGrammaticalStructureTest" name="doTest[39]" time="0"/>
  <testcase classname="edu.stanford.nlp.trees.UniversalEnglishGrammaticalStructureTest" name="doTest[40]" time="0"/>
  <testcase classname="edu.stanford.nlp.trees.UniversalEnglishGrammaticalStructureTest" name="doTest[41]" time="0"/>
  <testcase classname="edu.stanford.nlp.trees.UniversalEnglishGrammaticalStructureTest" name="doTest[42]" time="0"/>
  <testcase classname="edu.stanford.nlp.trees.UniversalEnglishGrammaticalStructureTest" name="doTest[43]" time="0"/>
  <testcase classname="edu.stanford.nlp.trees.UniversalEnglishGrammaticalStructureTest" name="doTest[44]" time="0"/>
  <testcase classname="edu.stanford.nlp.trees.UniversalEnglishGrammaticalStructureTest" name="doTest[45]" time="0"/>
  <testcase classname="edu.stanford.nlp.trees.UniversalEnglishGrammaticalStructureTest" name="doTest[46]" time="0"/>
  <testcase classname="edu.stanford.nlp.trees.UniversalEnglishGrammaticalStructureTest" name="doTest[47]" time="0"/>
  <testcase classname="edu.stanford.nlp.trees.UniversalEnglishGrammaticalStructureTest" name="doTest[48]" time="0"/>
  <testcase classname="edu.stanford.nlp.trees.UniversalEnglishGrammaticalStructureTest" name="doTest[49]" time="0"/>
  <testcase classname="edu.stanford.nlp.trees.UniversalEnglishGrammaticalStructureTest" name="doTest[50]" time="0"/>
  <testcase classname="edu.stanford.nlp.trees.UniversalEnglishGrammaticalStructureTest" name="doTest[51]" time="0"/>
  <testcase classname="edu.stanford.nlp.trees.UniversalEnglishGrammaticalStructureTest" name="doTest[52]" time="0"/>
  <testcase classname="edu.stanford.nlp.trees.UniversalEnglishGrammaticalStructureTest" name="doTest[53]" time="0"/>
  <testcase classname="edu.stanford.nlp.trees.UniversalEnglishGrammaticalStructureTest" name="doTest[54]" time="0"/>
  <testcase classname="edu.stanford.nlp.trees.UniversalEnglishGrammaticalStructureTest" name="doTest[55]" time="0"/>
  <testcase classname="edu.stanford.nlp.trees.UniversalEnglishGrammaticalStructureTest" name="doTest[56]" time="0"/>
  <testcase classname="edu.stanford.nlp.trees.UniversalEnglishGrammaticalStructureTest" name="doTest[57]" time="0"/>
  <testcase classname="edu.stanford.nlp.trees.UniversalEnglishGrammaticalStructureTest" name="doTest[58]" time="0"/>
  <testcase classname="edu.stanford.nlp.trees.UniversalEnglishGrammaticalStructureTest" name="doTest[59]" time="0"/>
  <testcase classname="edu.stanford.nlp.trees.UniversalEnglishGrammaticalStructureTest" name="doTest[60]" time="0"/>
  <testcase classname="edu.stanford.nlp.trees.UniversalEnglishGrammaticalStructureTest" name="doTest[61]" time="0"/>
  <testcase classname="edu.stanford.nlp.trees.UniversalEnglishGrammaticalStructureTest" name="doTest[62]" time="0"/>
  <testcase classname="edu.stanford.nlp.trees.UniversalEnglishGrammaticalStructureTest" name="doTest[63]" time="0"/>
  <testcase classname="edu.stanford.nlp.trees.UniversalEnglishGrammaticalStructureTest" name="doTest[64]" time="0"/>
  <testcase classname="edu.stanford.nlp.trees.UniversalEnglishGrammaticalStructureTest" name="doTest[65]" time="0"/>
  <testcase classname="edu.stanford.nlp.trees.UniversalEnglishGrammaticalStructureTest" name="doTest[66]" time="0"/>
  <testcase classname="edu.stanford.nlp.trees.UniversalEnglishGrammaticalStructureTest" name="doTest[67]" time="0"/>
  <testcase classname="edu.stanford.nlp.trees.UniversalEnglishGrammaticalStructureTest" name="doTest[68]" time="0"/>
  <testcase classname="edu.stanford.nlp.trees.UniversalEnglishGrammaticalStructureTest" name="doTest[69]" time="0"/>
  <testcase classname="edu.stanford.nlp.trees.UniversalEnglishGrammaticalStructureTest" name="doTest[70]" time="0"/>
  <testcase classname="edu.stanford.nlp.trees.UniversalEnglishGrammaticalStructureTest" name="doTest[71]" time="0"/>
  <testcase classname="edu.stanford.nlp.trees.UniversalEnglishGrammaticalStructureTest" name="doTest[72]" time="0"/>
  <testcase classname="edu.stanford.nlp.trees.UniversalEnglishGrammaticalStructureTest" name="doTest[73]" time="0"/>
  <testcase classname="edu.stanford.nlp.trees.UniversalEnglishGrammaticalStructureTest" name="doTest[74]" time="0"/>
  <testcase classname="edu.stanford.nlp.trees.UniversalEnglishGrammaticalStructureTest" name="doTest[75]" time="0"/>
  <testcase classname="edu.stanford.nlp.trees.UniversalEnglishGrammaticalStructureTest" name="doTest[76]" time="0"/>
  <testcase classname="edu.stanford.nlp.trees.UniversalEnglishGrammaticalStructureTest" name="doTest[77]" time="0"/>
  <testcase classname="edu.stanford.nlp.trees.UniversalEnglishGrammaticalStructureTest" name="doTest[78]" time="0"/>
  <testcase classname="edu.stanford.nlp.trees.UniversalEnglishGrammaticalStructureTest" name="doTest[79]" time="0"/>
  <testcase classname="edu.stanford.nlp.trees.UniversalEnglishGrammaticalStructureTest" name="doTest[80]" time="0"/>
  <testcase classname="edu.stanford.nlp.trees.UniversalEnglishGrammaticalStructureTest" name="doTest[81]" time="0"/>
  <testcase classname="edu.stanford.nlp.trees.UniversalEnglishGrammaticalStructureTest" name="doTest[82]" time="0"/>
  <testcase classname="edu.stanford.nlp.trees.UniversalEnglishGrammaticalStructureTest" name="doTest[83]" time="0"/>
  <testcase classname="edu.stanford.nlp.trees.UniversalEnglishGrammaticalStructureTest" name="doTest[84]" time="0"/>
  <testcase classname="edu.stanford.nlp.trees.UniversalEnglishGrammaticalStructureTest" name="doTest[85]" time="0"/>
  <testcase classname="edu.stanford.nlp.trees.UniversalEnglishGrammaticalStructureTest" name="doTest[86]" time="0"/>
  <testcase classname="edu.stanford.nlp.trees.UniversalEnglishGrammaticalStructureTest" name="doTest[87]" time="0"/>
  <testcase classname="edu.stanford.nlp.trees.UniversalEnglishGrammaticalStructureTest" name="doTest[88]" time="0"/>
  <testcase classname="edu.stanford.nlp.trees.UniversalEnglishGrammaticalStructureTest" name="doTest[89]" time="0"/>
  <testcase classname="edu.stanford.nlp.trees.UniversalEnglishGrammaticalStructureTest" name="doTest[90]" time="0"/>
  <testcase classname="edu.stanford.nlp.trees.UniversalEnglishGrammaticalStructureTest" name="doTest[91]" time="0"/>
  <testcase classname="edu.stanford.nlp.trees.UniversalEnglishGrammaticalStructureTest" name="doTest[92]" time="0"/>
  <testcase classname="edu.stanford.nlp.trees.UniversalEnglishGrammaticalStructureTest" name="doTest[93]" time="0"/>
  <testcase classname="edu.stanford.nlp.trees.UniversalEnglishGrammaticalStructureTest" name="doTest[94]" time="0"/>
  <testcase classname="edu.stanford.nlp.trees.UniversalEnglishGrammaticalStructureTest" name="doTest[95]" time="0"/>
  <testcase classname="edu.stanford.nlp.trees.UniversalEnglishGrammaticalStructureTest" name="doTest[96]" time="0"/>
  <testcase classname="edu.stanford.nlp.trees.UniversalEnglishGrammaticalStructureTest" name="doTest[97]" time="0"/>
  <testcase classname="edu.stanford.nlp.trees.UniversalEnglishGrammaticalStructureTest" name="doTest[98]" time="0"/>
  <testcase classname="edu.stanford.nlp.trees.UniversalEnglishGrammaticalStructureTest" name="doTest[99]" time="0"/>
  <testcase classname="edu.stanford.nlp.trees.UniversalEnglishGrammaticalStructureTest" name="doTest[100]" time="0"/>
  <testcase classname="edu.stanford.nlp.trees.UniversalEnglishGrammaticalStructureTest" name="doTest[101]" time="0"/>
  <testcase classname="edu.stanford.nlp.trees.UniversalEnglishGrammaticalStructureTest" name="doTest[102]" time="0"/>
  <testcase classname="edu.stanford.nlp.trees.UniversalEnglishGrammaticalStructureTest" name="doTest[103]" time="0"/>
  <testcase classname="edu.stanford.nlp.trees.UniversalEnglishGrammaticalStructureTest" name="doTest[104]" time="0"/>
  <testcase classname="edu.stanford.nlp.trees.UniversalEnglishGrammaticalStructureTest" name="doTest[105]" time="0"/>
  <testcase classname="edu.stanford.nlp.trees.UniversalEnglishGrammaticalStructureTest" name="doTest[106]" time="0"/>
  <testcase classname="edu.stanford.nlp.trees.UniversalEnglishGrammaticalStructureTest" name="doTest[107]" time="0"/>
  <testcase classname="edu.stanford.nlp.trees.UniversalEnglishGrammaticalStructureTest" name="doTest[108]" time="0"/>
  <testcase classname="edu.stanford.nlp.trees.UniversalEnglishGrammaticalStructureTest" name="doTest[109]" time="0"/>
  <testcase classname="edu.stanford.nlp.trees.UniversalEnglishGrammaticalStructureTest" name="doTest[110]" time="0"/>
  <testcase classname="edu.stanford.nlp.trees.UniversalEnglishGrammaticalStructureTest" name="doTest[111]" time="0"/>
  <testcase classname="edu.stanford.nlp.trees.UniversalEnglishGrammaticalStructureTest" name="doTest[112]" time="0"/>
  <testcase classname="edu.stanford.nlp.trees.UniversalEnglishGrammaticalStructureTest" name="doTest[113]" time="0"/>
  <testcase classname="edu.stanford.nlp.trees.UniversalEnglishGrammaticalStructureTest" name="doTest[114]" time="0"/>
  <testcase classname="edu.stanford.nlp.trees.UniversalEnglishGrammaticalStructureTest" name="doTest[115]" time="0"/>
  <testcase classname="edu.stanford.nlp.trees.UniversalEnglishGrammaticalStructureTest" name="doTest[116]" time="0"/>
  <testcase classname="edu.stanford.nlp.trees.UniversalEnglishGrammaticalStructureTest" name="doTest[117]" time="0"/>
  <testcase classname="edu.stanford.nlp.trees.UniversalEnglishGrammaticalStructureTest" name="doTest[118]" time="0"/>
  <testcase classname="edu.stanford.nlp.trees.UniversalEnglishGrammaticalStructureTest" name="doTest[119]" time="0"/>
  <testcase classname="edu.stanford.nlp.trees.UniversalEnglishGrammaticalStructureTest" name="doTest[120]" time="0"/>
  <testcase classname="edu.stanford.nlp.trees.UniversalEnglishGrammaticalStructureTest" name="doTest[121]" time="0"/>
  <testcase classname="edu.stanford.nlp.trees.UniversalEnglishGrammaticalStructureTest" name="doTest[122]" time="0"/>
  <testcase classname="edu.stanford.nlp.trees.UniversalEnglishGrammaticalStructureTest" name="doTest[123]" time="0"/>
  <testcase classname="edu.stanford.nlp.trees.UniversalEnglishGrammaticalStructureTest" name="doTest[124]" time="0"/>
  <testcase classname="edu.stanford.nlp.trees.UniversalEnglishGrammaticalStructureTest" name="doTest[125]" time="0"/>
  <testcase classname="edu.stanford.nlp.trees.UniversalEnglishGrammaticalStructureTest" name="doTest[126]" time="0"/>
  <testcase classname="edu.stanford.nlp.trees.UniversalEnglishGrammaticalStructureTest" name="doTest[127]" time="0"/>
  <testcase classname="edu.stanford.nlp.trees.UniversalEnglishGrammaticalStructureTest" name="doTest[128]" time="0"/>
  <testcase classname="edu.stanford.nlp.trees.UniversalEnglishGrammaticalStructureTest" name="doTest[129]" time="0"/>
  <testcase classname="edu.stanford.nlp.trees.UniversalEnglishGrammaticalStructureTest" name="doTest[130]" time="0"/>
  <testcase classname="edu.stanford.nlp.trees.UniversalEnglishGrammaticalStructureTest" name="doTest[131]" time="0"/>
  <testcase classname="edu.stanford.nlp.trees.UniversalEnglishGrammaticalStructureTest" name="doTest[132]" time="0"/>
  <testcase classname="edu.stanford.nlp.trees.UniversalEnglishGrammaticalStructureTest" name="doTest[133]" time="0"/>
  <testcase classname="edu.stanford.nlp.trees.UniversalEnglishGrammaticalStructureTest" name="doTest[134]" time="0"/>
  <testcase classname="edu.stanford.nlp.trees.UniversalEnglishGrammaticalStructureTest" name="doTest[135]" time="0"/>
  <testcase classname="edu.stanford.nlp.trees.UniversalEnglishGrammaticalStructureTest" name="doTest[136]" time="0"/>
  <testcase classname="edu.stanford.nlp.trees.UniversalEnglishGrammaticalStructureTest" name="doTest[137]" time="0"/>
  <testcase classname="edu.stanford.nlp.trees.UniversalEnglishGrammaticalStructureTest" name="doTest[138]" time="0"/>
  <testcase classname="edu.stanford.nlp.trees.UniversalEnglishGrammaticalStructureTest" name="doTest[139]" time="0"/>
  <testcase classname="edu.stanford.nlp.trees.UniversalEnglishGrammaticalStructureTest" name="doTest[140]" time="0"/>
  <testcase classname="edu.stanford.nlp.trees.UniversalEnglishGrammaticalStructureTest" name="doTest[141]" time="0"/>
  <testcase classname="edu.stanford.nlp.trees.UniversalEnglishGrammaticalStructureTest" name="doTest[142]" time="0"/>
  <testcase classname="edu.stanford.nlp.trees.UniversalEnglishGrammaticalStructureTest" name="doTest[143]" time="0"/>
  <testcase classname="edu.stanford.nlp.trees.UniversalEnglishGrammaticalStructureTest" name="doTest[144]" time="0"/>
  <testcase classname="edu.stanford.nlp.trees.UniversalEnglishGrammaticalStructureTest" name="doTest[145]" time="0"/>
  <testcase classname="edu.stanford.nlp.trees.UniversalEnglishGrammaticalStructureTest" name="doTest[146]" time="0"/>
  <testcase classname="edu.stanford.nlp.trees.UniversalEnglishGrammaticalStructureTest" name="doTest[147]" time="0"/>
  <testcase classname="edu.stanford.nlp.trees.UniversalEnglishGrammaticalStructureTest" name="doTest[148]" time="0"/>
  <testcase classname="edu.stanford.nlp.trees.UniversalEnglishGrammaticalStructureTest" name="doTest[149]" time="0"/>
  <testcase classname="edu.stanford.nlp.trees.UniversalEnglishGrammaticalStructureTest" name="doTest[150]" time="0"/>
  <testcase classname="edu.stanford.nlp.trees.UniversalEnglishGrammaticalStructureTest" name="doTest[151]" time="0"/>
  <testcase classname="edu.stanford.nlp.trees.UniversalEnglishGrammaticalStructureTest" name="doTest[152]" time="0"/>
  <testcase classname="edu.stanford.nlp.trees.UniversalEnglishGrammaticalStructureTest" name="doTest[153]" time="0"/>
  <testcase classname="edu.stanford.nlp.trees.UniversalEnglishGrammaticalStructureTest" name="doTest[154]" time="0"/>
  <testcase classname="edu.stanford.nlp.trees.UniversalEnglishGrammaticalStructureTest" name="doTest[155]" time="0"/>
  <testcase classname="edu.stanford.nlp.trees.UniversalEnglishGrammaticalStructureTest" name="doTest[156]" time="0"/>
  <testcase classname="edu.stanford.nlp.trees.UniversalEnglishGrammaticalStructureTest" name="doTest[157]" time="0"/>
  <testcase classname="edu.stanford.nlp.trees.UniversalEnglishGrammaticalStructureTest" name="doTest[158]" time="0"/>
  <testcase classname="edu.stanford.nlp.trees.UniversalEnglishGrammaticalStructureTest" name="doTest[159]" time="0"/>
  <testcase classname="edu.stanford.nlp.trees.UniversalEnglishGrammaticalStructureTest" name="doTest[160]" time="0"/>
  <testcase classname="edu.stanford.nlp.trees.UniversalEnglishGrammaticalStructureTest" name="doTest[161]" time="0"/>
  <testcase classname="edu.stanford.nlp.trees.UniversalEnglishGrammaticalStructureTest" name="doTest[162]" time="0"/>
  <testcase classname="edu.stanford.nlp.trees.UniversalEnglishGrammaticalStructureTest" name="doTest[163]" time="0"/>
  <testcase classname="edu.stanford.nlp.trees.UniversalEnglishGrammaticalStructureTest" name="doTest[164]" time="0"/>
  <testcase classname="edu.stanford.nlp.trees.UniversalEnglishGrammaticalStructureTest" name="doTest[165]" time="0"/>
  <testcase classname="edu.stanford.nlp.trees.UniversalEnglishGrammaticalStructureTest" name="doTest[166]" time="0"/>
  <testcase classname="edu.stanford.nlp.trees.UniversalEnglishGrammaticalStructureTest" name="doTest[167]" time="0"/>
  <testcase classname="edu.stanford.nlp.trees.UniversalEnglishGrammaticalStructureTest" name="doTest[168]" time="0"/>
  <testcase classname="edu.stanford.nlp.trees.UniversalEnglishGrammaticalStructureTest" name="doTest[169]" time="0"/>
  <testcase classname="edu.stanford.nlp.trees.UniversalEnglishGrammaticalStructureTest" name="doTest[170]" time="0"/>
  <testcase classname="edu.stanford.nlp.trees.UniversalEnglishGrammaticalStructureTest" name="doTest[171]" time="0"/>
  <testcase classname="edu.stanford.nlp.trees.UniversalEnglishGrammaticalStructureTest" name="doTest[172]" time="0"/>
  <testcase classname="edu.stanford.nlp.trees.UniversalEnglishGrammaticalStructureTest" name="doTest[173]" time="0"/>
  <testcase classname="edu.stanford.nlp.trees.UniversalEnglishGrammaticalStructureTest" name="doTest[174]" time="0"/>
  <testcase classname="edu.stanford.nlp.trees.UniversalEnglishGrammaticalStructureTest" name="doTest[175]" time="0"/>
  <testcase classname="edu.stanford.nlp.trees.UniversalEnglishGrammaticalStructureTest" name="doTest[176]" time="0"/>
  <testcase classname="edu.stanford.nlp.trees.UniversalEnglishGrammaticalStructureTest" name="doTest[177]" time="0"/>
  <testcase classname="edu.stanford.nlp.trees.UniversalEnglishGrammaticalStructureTest" name="doTest[178]" time="0"/>
  <testcase classname="edu.stanford.nlp.trees.UniversalEnglishGrammaticalStructureTest" name="doTest[179]" time="0"/>
  <testcase classname="edu.stanford.nlp.trees.UniversalEnglishGrammaticalStructureTest" name="doTest[180]" time="0"/>
  <testcase classname="edu.stanford.nlp.trees.UniversalEnglishGrammaticalStructureTest" name="doTest[181]" time="0"/>
  <testcase classname="edu.stanford.nlp.trees.UniversalEnglishGrammaticalStructureTest" name="doTest[182]" time="0"/>
  <testcase classname="edu.stanford.nlp.trees.UniversalEnglishGrammaticalStructureTest" name="doTest[183]" time="0"/>
  <testcase classname="edu.stanford.nlp.trees.UniversalEnglishGrammaticalStructureTest" name="doTest[184]" time="0"/>
  <testcase classname="edu.stanford.nlp.trees.UniversalEnglishGrammaticalStructureTest" name="doTest[185]" time="0"/>
  <testcase classname="edu.stanford.nlp.trees.UniversalEnglishGrammaticalStructureTest" name="doTest[186]" time="0"/>
  <testcase classname="edu.stanford.nlp.trees.UniversalEnglishGrammaticalStructureTest" name="doTest[187]" time="0"/>
  <testcase classname="edu.stanford.nlp.trees.UniversalEnglishGrammaticalStructureTest" name="doTest[188]" time="0"/>
  <testcase classname="edu.stanford.nlp.trees.UniversalEnglishGrammaticalStructureTest" name="doTest[189]" time="0"/>
  <testcase classname="edu.stanford.nlp.trees.UniversalEnglishGrammaticalStructureTest" name="doTest[190]" time="0"/>
  <testcase classname="edu.stanford.nlp.trees.UniversalEnglishGrammaticalStructureTest" name="doTest[191]" time="0"/>
  <testcase classname="edu.stanford.nlp.trees.UniversalEnglishGrammaticalStructureTest" name="doTest[192]" time="0"/>
  <testcase classname="edu.stanford.nlp.trees.UniversalEnglishGrammaticalStructureTest" name="doTest[193]" time="0"/>
  <testcase classname="edu.stanford.nlp.trees.UniversalEnglishGrammaticalStructureTest" name="doTest[194]" time="0"/>
  <testcase classname="edu.stanford.nlp.trees.UniversalEnglishGrammaticalStructureTest" name="doTest[195]" time="0"/>
  <testcase classname="edu.stanford.nlp.trees.UniversalEnglishGrammaticalStructureTest" name="doTest[196]" time="0"/>
  <testcase classname="edu.stanford.nlp.trees.UniversalEnglishGrammaticalStructureTest" name="doTest[197]" time="0"/>
  <testcase classname="edu.stanford.nlp.trees.UniversalEnglishGrammaticalStructureTest" name="doTest[198]" time="0"/>
  <testcase classname="edu.stanford.nlp.trees.UniversalEnglishGrammaticalStructureTest" name="doTest[199]" time="0"/>
  <testcase classname="edu.stanford.nlp.trees.UniversalEnglishGrammaticalStructureTest" name="doTest[200]" time="0"/>
  <testcase classname="edu.stanford.nlp.trees.UniversalEnglishGrammaticalStructureTest" name="doTest[201]" time="0"/>
  <testcase classname="edu.stanford.nlp.trees.UniversalEnglishGrammaticalStructureTest" name="doTest[202]" time="0"/>
  <testcase classname="edu.stanford.nlp.trees.UniversalEnglishGrammaticalStructureTest" name="doTest[203]" time="0"/>
  <testcase classname="edu.stanford.nlp.trees.UniversalEnglishGrammaticalStructureTest" name="doTest[204]" time="0"/>
  <testcase classname="edu.stanford.nlp.trees.UniversalEnglishGrammaticalStructureTest" name="doTest[205]" time="0"/>
  <testcase classname="edu.stanford.nlp.trees.UniversalEnglishGrammaticalStructureTest" name="doTest[206]" time="0"/>
  <testcase classname="edu.stanford.nlp.trees.UniversalEnglishGrammaticalStructureTest" name="doTest[207]" time="0"/>
  <testcase classname="edu.stanford.nlp.trees.UniversalEnglishGrammaticalStructureTest" name="doTest[208]" time="0"/>
  <testcase classname="edu.stanford.nlp.trees.UniversalEnglishGrammaticalStructureTest" name="doTest[209]" time="0"/>
  <testcase classname="edu.stanford.nlp.trees.UniversalEnglishGrammaticalStructureTest" name="doTest[210]" time="0"/>
  <testcase classname="edu.stanford.nlp.trees.UniversalEnglishGrammaticalStructureTest" name="doTest[211]" time="0"/>
  <testcase classname="edu.stanford.nlp.trees.UniversalEnglishGrammaticalStructureTest" name="doTest[212]" time="0"/>
  <testcase classname="edu.stanford.nlp.trees.UniversalEnglishGrammaticalStructureTest" name="doTest[213]" time="0"/>
  <testcase classname="edu.stanford.nlp.trees.UniversalEnglishGrammaticalStructureTest" name="doTest[214]" time="0"/>
  <testcase classname="edu.stanford.nlp.trees.UniversalEnglishGrammaticalStructureTest" name="doTest[215]" time="0"/>
  <testcase classname="edu.stanford.nlp.trees.UniversalEnglishGrammaticalStructureTest" name="doTest[216]" time="0"/>
  <testcase classname="edu.stanford.nlp.trees.UniversalEnglishGrammaticalStructureTest" name="doTest[217]" time="0"/>
  <testcase classname="edu.stanford.nlp.trees.UniversalEnglishGrammaticalStructureTest" name="doTest[218]" time="0"/>
  <testcase classname="edu.stanford.nlp.trees.UniversalEnglishGrammaticalStructureTest" name="doTest[219]" time="0"/>
  <testcase classname="edu.stanford.nlp.trees.UniversalEnglishGrammaticalStructureTest" name="doTest[220]" time="0"/>
  <testcase classname="edu.stanford.nlp.trees.UniversalEnglishGrammaticalStructureTest" name="doTest[221]" time="0"/>
  <testcase classname="edu.stanford.nlp.trees.UniversalEnglishGrammaticalStructureTest" name="doTest[222]" time="0"/>
  <testcase classname="edu.stanford.nlp.trees.UniversalEnglishGrammaticalStructureTest" name="doTest[223]" time="0"/>
  <testcase classname="edu.stanford.nlp.trees.UniversalEnglishGrammaticalStructureTest" name="doTest[224]" time="0"/>
  <testcase classname="edu.stanford.nlp.trees.UniversalEnglishGrammaticalStructureTest" name="doTest[225]" time="0.001"/>
  <testcase classname="edu.stanford.nlp.trees.UniversalEnglishGrammaticalStructureTest" name="doTest[226]" time="0"/>
  <testcase classname="edu.stanford.nlp.trees.UniversalEnglishGrammaticalStructureTest" name="doTest[227]" time="0"/>
  <testcase classname="edu.stanford.nlp.trees.UniversalEnglishGrammaticalStructureTest" name="doTest[228]" time="0"/>
  <testcase classname="edu.stanford.nlp.trees.UniversalEnglishGrammaticalStructureTest" name="doTest[229]" time="0"/>
  <testcase classname="edu.stanford.nlp.trees.UniversalEnglishGrammaticalStructureTest" name="doTest[230]" time="0"/>
  <testcase classname="edu.stanford.nlp.trees.UniversalEnglishGrammaticalStructureTest" name="doTest[231]" time="0"/>
  <testcase classname="edu.stanford.nlp.trees.UniversalEnglishGrammaticalStructureTest" name="doTest[232]" time="0"/>
  <testcase classname="edu.stanford.nlp.trees.UniversalEnglishGrammaticalStructureTest" name="doTest[233]" time="0"/>
  <testcase classname="edu.stanford.nlp.trees.UniversalEnglishGrammaticalStructureTest" name="doTest[234]" time="0"/>
  <testcase classname="edu.stanford.nlp.trees.UniversalEnglishGrammaticalStructureTest" name="doTest[235]" time="0"/>
  <testcase classname="edu.stanford.nlp.trees.UniversalEnglishGrammaticalStructureTest" name="doTest[236]" time="0"/>
  <testcase classname="edu.stanford.nlp.trees.UniversalEnglishGrammaticalStructureTest" name="doTest[237]" time="0"/>
  <testcase classname="edu.stanford.nlp.trees.UniversalEnglishGrammaticalStructureTest" name="doTest[238]" time="0"/>
  <testcase classname="edu.stanford.nlp.trees.UniversalEnglishGrammaticalStructureTest" name="doTest[239]" time="0"/>
  <testcase classname="edu.stanford.nlp.trees.UniversalEnglishGrammaticalStructureTest" name="doTest[240]" time="0"/>
  <testcase classname="edu.stanford.nlp.trees.UniversalEnglishGrammaticalStructureTest" name="doTest[241]" time="0"/>
  <testcase classname="edu.stanford.nlp.trees.UniversalEnglishGrammaticalStructureTest" name="doTest[242]" time="0"/>
  <testcase classname="edu.stanford.nlp.trees.UniversalEnglishGrammaticalStructureTest" name="doTest[243]" time="0"/>
  <testcase classname="edu.stanford.nlp.trees.UniversalEnglishGrammaticalStructureTest" name="doTest[244]" time="0"/>
  <testcase classname="edu.stanford.nlp.trees.UniversalEnglishGrammaticalStructureTest" name="doTest[245]" time="0"/>
  <testcase classname="edu.stanford.nlp.trees.UniversalEnglishGrammaticalStructureTest" name="doTest[246]" time="0"/>
  <testcase classname="edu.stanford.nlp.trees.UniversalEnglishGrammaticalStructureTest" name="doTest[247]" time="0"/>
  <testcase classname="edu.stanford.nlp.trees.UniversalEnglishGrammaticalStructureTest" name="doTest[248]" time="0"/>
  <testcase classname="edu.stanford.nlp.trees.UniversalEnglishGrammaticalStructureTest" name="doTest[249]" time="0"/>
  <testcase classname="edu.stanford.nlp.trees.UniversalEnglishGrammaticalStructureTest" name="doTest[250]" time="0"/>
  <testcase classname="edu.stanford.nlp.trees.UniversalEnglishGrammaticalStructureTest" name="doTest[251]" time="0"/>
  <testcase classname="edu.stanford.nlp.trees.UniversalEnglishGrammaticalStructureTest" name="doTest[252]" time="0"/>
  <testcase classname="edu.stanford.nlp.trees.UniversalEnglishGrammaticalStructureTest" name="doTest[253]" time="0"/>
  <testcase classname="edu.stanford.nlp.trees.UniversalEnglishGrammaticalStructureTest" name="doTest[254]" time="0"/>
  <testcase classname="edu.stanford.nlp.trees.UniversalEnglishGrammaticalStructureTest" name="doTest[255]" time="0"/>
  <testcase classname="edu.stanford.nlp.trees.UniversalEnglishGrammaticalStructureTest" name="doTest[256]" time="0"/>
  <testcase classname="edu.stanford.nlp.trees.UniversalEnglishGrammaticalStructureTest" name="doTest[257]" time="0"/>
  <testcase classname="edu.stanford.nlp.trees.UniversalEnglishGrammaticalStructureTest" name="doTest[258]" time="0"/>
  <testcase classname="edu.stanford.nlp.trees.UniversalEnglishGrammaticalStructureTest" name="doTest[259]" time="0"/>
  <testcase classname="edu.stanford.nlp.trees.UniversalEnglishGrammaticalStructureTest" name="doTest[260]" time="0"/>
</testsuite>